********************************************************************************
product = Open Liberty 23.0.0.1 (wlp-1.0.73.cl230120230123-2118)
wlp.install.dir = /home/ibtissam/Documents/trello/target/liberty/wlp/
server.output.dir = /home/ibtissam/Documents/trello/target/liberty-alt-output-dir/jsf001Server/
java.home = /usr/lib/jvm/java-11-openjdk-amd64
java.version = 11.0.17
java.runtime = OpenJDK Runtime Environment (11.0.17+8-post-Ubuntu-1ubuntu222.04)
os = Linux (5.19.0-32-generic; amd64) (en_US)
process = 348405@ibtissam-Sama
Classpath = /home/ibtissam/Documents/trello/target/liberty/wlp/bin/tools/ws-server.jar
Java Library path = /usr/java/packages/lib:/usr/lib/x86_64-linux-gnu/jni:/lib/x86_64-linux-gnu:/usr/lib/x86_64-linux-gnu:/usr/lib/jni:/lib:/usr/lib
********************************************************************************
[3/5/23, 20:04:31:417 WEST] 0000000d com.ibm.ws.kernel.launch.internal.FrameworkManager           A CWWKE0001I: The server jsf001Server has been launched.
[3/5/23, 20:04:31:960 WEST] 0000000d com.ibm.ws.kernel.launch.internal.FrameworkManager           I CWWKE0002I: The kernel started after 0.898 seconds
[3/5/23, 20:04:31:988 WEST] 00000026 com.ibm.ws.kernel.feature.internal.FeatureManager            I CWWKF0007I: Feature update started.
[3/5/23, 20:04:32:392 WEST] 00000026 com.ibm.ws.kernel.feature.internal.FeatureManager            I CWWKF0008I: Feature update completed in 0.433 seconds.
[3/5/23, 20:04:32:392 WEST] 00000026 com.ibm.ws.kernel.feature.internal.FeatureManager            A CWWKF0026I: The server jsf001Server is ready to build a smaller package.
[3/5/23, 20:04:32:397 WEST] 00000027 com.ibm.ws.runtime.update.internal.RuntimeUpdateManagerImpl  A CWWKE1100I: Waiting for up to 30 seconds for the server to quiesce.
[3/5/23, 20:04:32:402 WEST] 00000027 com.ibm.ws.runtime.update.internal.RuntimeUpdateManagerImpl  I CWWKE1101I: Server quiesce complete.
[3/5/23, 20:04:32:560 WEST] 0000000d com.ibm.ws.kernel.launch.internal.FrameworkManager           A CWWKE0036I: The server jsf001Server stopped after 1.498 seconds.
